#
# There is insufficient memory for the Java Runtime Environment to continue.
# Native memory allocation (malloc) failed to allocate 32744 bytes for ChunkPool::allocate
# Possible reasons:
#   The system is out of physical RAM or swap space
#   The process is running with CompressedOops enabled, and the Java Heap may be blocking the growth of the native heap
# Possible solutions:
#   Reduce memory load on the system
#   Increase physical memory or swap space
#   Check if swap backing store is full
#   Decrease Java heap size (-Xmx/-Xms)
#   Decrease number of Java threads
#   Decrease Java thread stack sizes (-Xss)
#   Set larger code cache with -XX:ReservedCodeCacheSize=
#   JVM is running with Unscaled Compressed Oops mode in which the Java heap is
#     placed in the first 4GB address space. The Java Heap base address is the
#     maximum limit for the native heap growth. Please use -XX:HeapBaseMinAddress
#     to set the Java Heap base and to place the Java Heap above 4GB virtual address.
# This output file may be truncated or incomplete.
#
#  Out of Memory Error (allocation.cpp:272), pid=35228, tid=0x0000000000008620
#
# JRE version: OpenJDK Runtime Environment (8.0_242-b01) (build 1.8.0_242-release-1644-b01)
# Java VM: OpenJDK 64-Bit Server VM (25.242-b01 mixed mode windows-amd64 compressed oops)
# Failed to write core dump. Minidumps are not enabled by default on client versions of Windows
#

---------------  T H R E A D  ---------------

Current thread (0x0000000017a41800):  JavaThread "C2 CompilerThread0" daemon [_thread_in_native, id=34336, stack(0x0000000019390000,0x0000000019490000)]

Stack: [0x0000000019390000,0x0000000019490000]
[error occurred during error reporting (printing stack bounds), id 0xc0000005]

Native frames: (J=compiled Java code, j=interpreted, Vv=VM code, C=native code)


Current CompileTask:
C2:   6338 1508   !   4       java.net.URLClassLoader$1::run (63 bytes)


---------------  P R O C E S S  ---------------

Java Threads: ( => current thread )
  0x000000001a795000 JavaThread "File lock request listener" [_thread_in_native, id=37648, stack(0x000000001d4e0000,0x000000001d5e0000)]
  0x000000001a796800 JavaThread "Cache worker for journal cache (C:\Users\ASUS\.gradle\caches\journal-1)" [_thread_blocked, id=12484, stack(0x000000001d2e0000,0x000000001d3e0000)]
  0x000000001a04e000 JavaThread "Thread-9" [_thread_blocked, id=29396, stack(0x000000001cfe0000,0x000000001d0e0000)]
  0x000000001a04b000 JavaThread "Stdin handler" [_thread_blocked, id=27168, stack(0x000000001cee0000,0x000000001cfe0000)]
  0x000000001a042000 JavaThread "Asynchronous log dispatcher for DefaultDaemonConnection: socket connection from /127.0.0.1:51713 to /127.0.0.1:51715" [_thread_blocked, id=28892, stack(0x000000001cde0000,0x000000001cee0000)]
  0x000000001a03f000 JavaThread "Daemon worker" [_thread_in_Java, id=35728, stack(0x000000001cce0000,0x000000001cde0000)]
  0x000000001a02c000 JavaThread "Cancel handler" [_thread_blocked, id=35624, stack(0x000000001cbe0000,0x000000001cce0000)]
  0x0000000019ff3000 JavaThread "Handler for socket connection from /127.0.0.1:51713 to /127.0.0.1:51715" [_thread_in_native, id=29340, stack(0x000000001cae0000,0x000000001cbe0000)]
  0x000000001a37e800 JavaThread "Daemon" [_thread_blocked, id=9632, stack(0x000000001c9e0000,0x000000001cae0000)]
  0x000000001a37d800 JavaThread "Daemon periodic checks" [_thread_blocked, id=39140, stack(0x000000001c8e0000,0x000000001c9e0000)]
  0x0000000019edc000 JavaThread "Incoming local TCP Connector on port 51713" [_thread_in_native, id=35952, stack(0x000000001c730000,0x000000001c830000)]
  0x000000001a911000 JavaThread "Daemon health stats" [_thread_blocked, id=35752, stack(0x000000001c030000,0x000000001c130000)]
  0x0000000018e14800 JavaThread "Service Thread" daemon [_thread_blocked, id=15244, stack(0x0000000019690000,0x0000000019790000)]
  0x0000000018da1000 JavaThread "C1 CompilerThread2" daemon [_thread_blocked, id=38096, stack(0x0000000019590000,0x0000000019690000)]
  0x0000000018d9b000 JavaThread "C2 CompilerThread1" daemon [_thread_in_native, id=39568, stack(0x0000000019490000,0x0000000019590000)]
=>0x0000000017a41800 JavaThread "C2 CompilerThread0" daemon [_thread_in_native, id=34336, stack(0x0000000019390000,0x0000000019490000)]
  0x0000000017a8e800 JavaThread "Attach Listener" daemon [_thread_blocked, id=37836, stack(0x0000000019290000,0x0000000019390000)]
  0x0000000018d98800 JavaThread "Signal Dispatcher" daemon [_thread_blocked, id=27196, stack(0x0000000019190000,0x0000000019290000)]
  0x00000000029ed000 JavaThread "Finalizer" daemon [_thread_blocked, id=2316, stack(0x0000000018c90000,0x0000000018d90000)]
  0x0000000017a19800 JavaThread "Reference Handler" daemon [_thread_blocked, id=19992, stack(0x0000000018b90000,0x0000000018c90000)]
  0x0000000000c3e800 JavaThread "main" [_thread_blocked, id=38060, stack(0x0000000001040000,0x0000000001140000)]

Other Threads:
  0x00000000179f7000 VMThread [stack: 0x0000000018a90000,0x0000000018b90000] [id=38012]
  0x0000000018e1d800 WatcherThread [stack: 0x0000000019790000,0x0000000019890000] [id=31008]

VM state:not at safepoint (normal execution)

VM Mutex/Monitor currently owned by a thread: None

heap address: 0x0000000080000000, size: 2048 MB, Compressed Oops mode: 32-bit
Narrow klass base: 0x0000000000000000, Narrow klass shift: 3
Compressed class space size: 1073741824 Address: 0x0000000100000000

Heap:
 PSYoungGen      total 27648K, used 8532K [0x00000000d5580000, 0x00000000d7580000, 0x0000000100000000)
  eden space 23552K, 23% used [0x00000000d5580000,0x00000000d5ad18d8,0x00000000d6c80000)
  from space 4096K, 75% used [0x00000000d7080000,0x00000000d73839d0,0x00000000d7480000)
  to   space 4096K, 0% used [0x00000000d6c80000,0x00000000d6c80000,0x00000000d7080000)
 ParOldGen       total 26624K, used 3635K [0x0000000080000000, 0x0000000081a00000, 0x00000000d5580000)
  object space 26624K, 13% used [0x0000000080000000,0x000000008038cd98,0x0000000081a00000)
 Metaspace       used 14568K, capacity 15106K, committed 15232K, reserved 1062912K
  class space    used 1995K, capacity 2157K, committed 2176K, reserved 1048576K

Card table byte_map: [0x00000000121d0000,0x00000000125e0000] byte_map_base: 0x0000000011dd0000

Marking Bits: (ParMarkBitMap*) 0x000000005ac2f030
 Begin Bits: [0x0000000012c90000, 0x0000000014c90000)
 End Bits:   [0x0000000014c90000, 0x0000000016c90000)

Polling page: 0x00000000007f0000

CodeCache: size=245760Kb used=5348Kb max_used=5359Kb free=240411Kb
 bounds [0x0000000002e10000, 0x0000000003350000, 0x0000000011e10000]
 total_blobs=1890 nmethods=1506 adapters=297
 compilation: enabled

Compilation events (10 events):
Event: 6.306 Thread 0x0000000018da1000 nmethod 1503 0x0000000003348950 code [0x0000000003348aa0, 0x0000000003348b90]
Event: 6.307 Thread 0x0000000017a41800 1504       4       java.util.jar.JarFile::maybeInstantiateVerifier (96 bytes)
Event: 6.308 Thread 0x0000000018da1000 1505       1       org.gradle.internal.service.AbstractServiceMethod::getParameterTypes (5 bytes)
Event: 6.308 Thread 0x0000000018da1000 nmethod 1505 0x0000000003348c10 code [0x0000000003348d60, 0x0000000003348e70]
Event: 6.308 Thread 0x0000000018da1000 1506       1       org.gradle.internal.service.DefaultServiceRegistry::access$1600 (5 bytes)
Event: 6.308 Thread 0x0000000018da1000 nmethod 1506 0x0000000003348ed0 code [0x0000000003349020, 0x0000000003349110]
Event: 6.309 Thread 0x0000000018d9b000 nmethod 1485 0x000000000334c5d0 code [0x000000000334c760, 0x000000000334cf58]
Event: 6.310 Thread 0x0000000018d9b000 1507       4       java.net.URLClassLoader$1::run (5 bytes)
Event: 6.316 Thread 0x0000000017a41800 nmethod 1504 0x000000000334d890 code [0x000000000334da20, 0x000000000334de78]
Event: 6.316 Thread 0x0000000017a41800 1508   !   4       java.net.URLClassLoader$1::run (63 bytes)

GC Heap History (10 events):
Event: 3.796 GC heap before
{Heap before GC invocations=5 (full 0):
 PSYoungGen      total 18944K, used 14012K [0x00000000d5580000, 0x00000000d6a80000, 0x0000000100000000)
  eden space 16384K, 70% used [0x00000000d5580000,0x00000000d60b52c8,0x00000000d6580000)
  from space 2560K, 99% used [0x00000000d6800000,0x00000000d6a7a040,0x00000000d6a80000)
  to   space 2560K, 0% used [0x00000000d6580000,0x00000000d6580000,0x00000000d6800000)
 ParOldGen       total 44032K, used 2217K [0x0000000080000000, 0x0000000082b00000, 0x00000000d5580000)
  object space 44032K, 5% used [0x0000000080000000,0x000000008022a458,0x0000000082b00000)
 Metaspace       used 8174K, capacity 8544K, committed 8576K, reserved 1060864K
  class space    used 1035K, capacity 1143K, committed 1152K, reserved 1048576K
Event: 3.800 GC heap after
Heap after GC invocations=5 (full 0):
 PSYoungGen      total 18944K, used 2552K [0x00000000d5580000, 0x00000000d6a80000, 0x0000000100000000)
  eden space 16384K, 0% used [0x00000000d5580000,0x00000000d5580000,0x00000000d6580000)
  from space 2560K, 99% used [0x00000000d6580000,0x00000000d67fe030,0x00000000d6800000)
  to   space 2560K, 0% used [0x00000000d6800000,0x00000000d6800000,0x00000000d6a80000)
 ParOldGen       total 44032K, used 2904K [0x0000000080000000, 0x0000000082b00000, 0x00000000d5580000)
  object space 44032K, 6% used [0x0000000080000000,0x00000000802d6390,0x0000000082b00000)
 Metaspace       used 8174K, capacity 8544K, committed 8576K, reserved 1060864K
  class space    used 1035K, capacity 1143K, committed 1152K, reserved 1048576K
}
Event: 3.800 GC heap before
{Heap before GC invocations=6 (full 1):
 PSYoungGen      total 18944K, used 2552K [0x00000000d5580000, 0x00000000d6a80000, 0x0000000100000000)
  eden space 16384K, 0% used [0x00000000d5580000,0x00000000d5580000,0x00000000d6580000)
  from space 2560K, 99% used [0x00000000d6580000,0x00000000d67fe030,0x00000000d6800000)
  to   space 2560K, 0% used [0x00000000d6800000,0x00000000d6800000,0x00000000d6a80000)
 ParOldGen       total 44032K, used 2904K [0x0000000080000000, 0x0000000082b00000, 0x00000000d5580000)
  object space 44032K, 6% used [0x0000000080000000,0x00000000802d6390,0x0000000082b00000)
 Metaspace       used 8174K, capacity 8544K, committed 8576K, reserved 1060864K
  class space    used 1035K, capacity 1143K, committed 1152K, reserved 1048576K
Event: 3.821 GC heap after
Heap after GC invocations=6 (full 1):
 PSYoungGen      total 18944K, used 0K [0x00000000d5580000, 0x00000000d6a80000, 0x0000000100000000)
  eden space 16384K, 0% used [0x00000000d5580000,0x00000000d5580000,0x00000000d6580000)
  from space 2560K, 0% used [0x00000000d6580000,0x00000000d6580000,0x00000000d6800000)
  to   space 2560K, 0% used [0x00000000d6800000,0x00000000d6800000,0x00000000d6a80000)
 ParOldGen       total 26624K, used 3619K [0x0000000080000000, 0x0000000081a00000, 0x00000000d5580000)
  object space 26624K, 13% used [0x0000000080000000,0x0000000080388d98,0x0000000081a00000)
 Metaspace       used 8174K, capacity 8544K, committed 8576K, reserved 1058816K
  class space    used 1035K, capacity 1143K, committed 1152K, reserved 1048576K
}
Event: 5.516 GC heap before
{Heap before GC invocations=7 (full 1):
 PSYoungGen      total 18944K, used 16384K [0x00000000d5580000, 0x00000000d6a80000, 0x0000000100000000)
  eden space 16384K, 100% used [0x00000000d5580000,0x00000000d6580000,0x00000000d6580000)
  from space 2560K, 0% used [0x00000000d6580000,0x00000000d6580000,0x00000000d6800000)
  to   space 2560K, 0% used [0x00000000d6800000,0x00000000d6800000,0x00000000d6a80000)
 ParOldGen       total 26624K, used 3619K [0x0000000080000000, 0x0000000081a00000, 0x00000000d5580000)
  object space 26624K, 13% used [0x0000000080000000,0x0000000080388d98,0x0000000081a00000)
 Metaspace       used 11153K, capacity 11504K, committed 11648K, reserved 1060864K
  class space    used 1467K, capacity 1578K, committed 1664K, reserved 1048576K
Event: 5.519 GC heap after
Heap after GC invocations=7 (full 1):
 PSYoungGen      total 16896K, used 2160K [0x00000000d5580000, 0x00000000d7980000, 0x0000000100000000)
  eden space 14336K, 0% used [0x00000000d5580000,0x00000000d5580000,0x00000000d6380000)
  from space 2560K, 84% used [0x00000000d6800000,0x00000000d6a1c010,0x00000000d6a80000)
  to   space 4608K, 0% used [0x00000000d6380000,0x00000000d6380000,0x00000000d6800000)
 ParOldGen       total 26624K, used 3627K [0x0000000080000000, 0x0000000081a00000, 0x00000000d5580000)
  object space 26624K, 13% used [0x0000000080000000,0x000000008038ad98,0x0000000081a00000)
 Metaspace       used 11153K, capacity 11504K, committed 11648K, reserved 1060864K
  class space    used 1467K, capacity 1578K, committed 1664K, reserved 1048576K
}
Event: 6.071 GC heap before
{Heap before GC invocations=8 (full 1):
 PSYoungGen      total 16896K, used 16496K [0x00000000d5580000, 0x00000000d7980000, 0x0000000100000000)
  eden space 14336K, 100% used [0x00000000d5580000,0x00000000d6380000,0x00000000d6380000)
  from space 2560K, 84% used [0x00000000d6800000,0x00000000d6a1c010,0x00000000d6a80000)
  to   space 4608K, 0% used [0x00000000d6380000,0x00000000d6380000,0x00000000d6800000)
 ParOldGen       total 26624K, used 3627K [0x0000000080000000, 0x0000000081a00000, 0x00000000d5580000)
  object space 26624K, 13% used [0x0000000080000000,0x000000008038ad98,0x0000000081a00000)
 Metaspace       used 12870K, capacity 13320K, committed 13440K, reserved 1060864K
  class space    used 1753K, capacity 1886K, committed 1920K, reserved 1048576K
Event: 6.073 GC heap after
Heap after GC invocations=8 (full 1):
 PSYoungGen      total 18944K, used 2676K [0x00000000d5580000, 0x00000000d7480000, 0x0000000100000000)
  eden space 14336K, 0% used [0x00000000d5580000,0x00000000d5580000,0x00000000d6380000)
  from space 4608K, 58% used [0x00000000d6380000,0x00000000d661d130,0x00000000d6800000)
  to   space 4096K, 0% used [0x00000000d7080000,0x00000000d7080000,0x00000000d7480000)
 ParOldGen       total 26624K, used 3635K [0x0000000080000000, 0x0000000081a00000, 0x00000000d5580000)
  object space 26624K, 13% used [0x0000000080000000,0x000000008038cd98,0x0000000081a00000)
 Metaspace       used 12870K, capacity 13320K, committed 13440K, reserved 1060864K
  class space    used 1753K, capacity 1886K, committed 1920K, reserved 1048576K
}
Event: 6.247 GC heap before
{Heap before GC invocations=9 (full 1):
 PSYoungGen      total 18944K, used 17012K [0x00000000d5580000, 0x00000000d7480000, 0x0000000100000000)
  eden space 14336K, 100% used [0x00000000d5580000,0x00000000d6380000,0x00000000d6380000)
  from space 4608K, 58% used [0x00000000d6380000,0x00000000d661d130,0x00000000d6800000)
  to   space 4096K, 0% used [0x00000000d7080000,0x00000000d7080000,0x00000000d7480000)
 ParOldGen       total 26624K, used 3635K [0x0000000080000000, 0x0000000081a00000, 0x00000000d5580000)
  object space 26624K, 13% used [0x0000000080000000,0x000000008038cd98,0x0000000081a00000)
 Metaspace       used 14026K, capacity 14452K, committed 14592K, reserved 1062912K
  class space    used 1925K, capacity 2048K, committed 2048K, reserved 1048576K
Event: 6.251 GC heap after
Heap after GC invocations=9 (full 1):
 PSYoungGen      total 27648K, used 3086K [0x00000000d5580000, 0x00000000d7580000, 0x0000000100000000)
  eden space 23552K, 0% used [0x00000000d5580000,0x00000000d5580000,0x00000000d6c80000)
  from space 4096K, 75% used [0x00000000d7080000,0x00000000d73839d0,0x00000000d7480000)
  to   space 4096K, 0% used [0x00000000d6c80000,0x00000000d6c80000,0x00000000d7080000)
 ParOldGen       total 26624K, used 3635K [0x0000000080000000, 0x0000000081a00000, 0x00000000d5580000)
  object space 26624K, 13% used [0x0000000080000000,0x000000008038cd98,0x0000000081a00000)
 Metaspace       used 14026K, capacity 14452K, committed 14592K, reserved 1062912K
  class space    used 1925K, capacity 2048K, committed 2048K, reserved 1048576K
}

Deoptimization events (10 events):
Event: 5.853 Thread 0x0000000019ff3000 Uncommon trap: reason=unstable_if action=reinterpret pc=0x0000000003238f6c method=java.util.concurrent.ConcurrentHashMap.putVal(Ljava/lang/Object;Ljava/lang/Object;Z)Ljava/lang/Object; @ 206
Event: 5.922 Thread 0x000000001a03f000 Uncommon trap: reason=bimorphic action=maybe_recompile pc=0x00000000030ce084 method=java.util.HashMap.putVal(ILjava/lang/Object;Ljava/lang/Object;ZZ)Ljava/lang/Object; @ 253
Event: 5.922 Thread 0x000000001a03f000 Uncommon trap: reason=bimorphic action=maybe_recompile pc=0x00000000030ce084 method=java.util.HashMap.putVal(ILjava/lang/Object;Ljava/lang/Object;ZZ)Ljava/lang/Object; @ 253
Event: 5.922 Thread 0x000000001a03f000 Uncommon trap: reason=bimorphic action=maybe_recompile pc=0x00000000030ce084 method=java.util.HashMap.putVal(ILjava/lang/Object;Ljava/lang/Object;ZZ)Ljava/lang/Object; @ 253
Event: 5.922 Thread 0x000000001a03f000 Uncommon trap: reason=bimorphic action=maybe_recompile pc=0x00000000030ce084 method=java.util.HashMap.putVal(ILjava/lang/Object;Ljava/lang/Object;ZZ)Ljava/lang/Object; @ 253
Event: 5.922 Thread 0x000000001a03f000 Uncommon trap: reason=bimorphic action=maybe_recompile pc=0x00000000030d06dc method=java.util.HashMap.putVal(ILjava/lang/Object;Ljava/lang/Object;ZZ)Ljava/lang/Object; @ 253
Event: 6.256 Thread 0x000000001a03f000 Uncommon trap: reason=class_check action=maybe_recompile pc=0x0000000003168498 method=java.util.regex.Matcher.match(II)Z @ 86
Event: 6.277 Thread 0x000000001a03f000 Uncommon trap: reason=class_check action=maybe_recompile pc=0x0000000003168498 method=java.util.regex.Matcher.match(II)Z @ 86
Event: 6.277 Thread 0x000000001a03f000 Uncommon trap: reason=class_check action=maybe_recompile pc=0x0000000003168498 method=java.util.regex.Matcher.match(II)Z @ 86
Event: 6.278 Thread 0x000000001a03f000 Uncommon trap: reason=class_check action=maybe_recompile pc=0x0000000002fd4890 method=java.util.regex.Matcher.match(II)Z @ 86

Classes redefined (0 events):
No events

Internal exceptions (10 events):
Event: 1.431 Thread 0x0000000000c3e800 Exception <a 'java/lang/ArrayIndexOutOfBoundsException'> (0x00000000d5ba3118) thrown at [C:\src\AOSP-openjdk-git\hotspot\src\share\vm\runtime\sharedRuntime.cpp, line 605]
Event: 1.435 Thread 0x0000000000c3e800 Exception <a 'java/lang/ArrayIndexOutOfBoundsException'> (0x00000000d5bb2838) thrown at [C:\src\AOSP-openjdk-git\hotspot\src\share\vm\runtime\sharedRuntime.cpp, line 605]
Event: 5.543 Thread 0x0000000000c3e800 Exception <a 'java/io/IOException'> (0x00000000d56999a0) thrown at [C:\src\AOSP-openjdk-git\hotspot\src\share\vm\prims\jni.cpp, line 710]
Event: 5.855 Thread 0x0000000019ff3000 Exception <a 'java/lang/NoSuchMethodError': <clinit>> (0x00000000d58a1160) thrown at [C:\src\AOSP-openjdk-git\hotspot\src\share\vm\prims\jni.cpp, line 1615]
Event: 5.856 Thread 0x0000000019ff3000 Exception <a 'java/lang/NoSuchMethodError': <clinit>> (0x00000000d58b1528) thrown at [C:\src\AOSP-openjdk-git\hotspot\src\share\vm\prims\jni.cpp, line 1615]
Event: 5.858 Thread 0x0000000019ff3000 Exception <a 'java/lang/NoSuchMethodError': <clinit>> (0x00000000d58c5af8) thrown at [C:\src\AOSP-openjdk-git\hotspot\src\share\vm\prims\jni.cpp, line 1615]
Event: 5.873 Thread 0x0000000019ff3000 Exception <a 'java/lang/NoSuchMethodError': <clinit>> (0x00000000d5932af8) thrown at [C:\src\AOSP-openjdk-git\hotspot\src\share\vm\prims\jni.cpp, line 1615]
Event: 5.881 Thread 0x0000000019ff3000 Exception <a 'java/lang/NoSuchMethodError': <clinit>> (0x00000000d596d340) thrown at [C:\src\AOSP-openjdk-git\hotspot\src\share\vm\prims\jni.cpp, line 1615]
Event: 5.889 Thread 0x0000000019ff3000 Exception <a 'java/lang/NoSuchMethodError': <clinit>> (0x00000000d59a2ee8) thrown at [C:\src\AOSP-openjdk-git\hotspot\src\share\vm\prims\jni.cpp, line 1615]
Event: 5.891 Thread 0x0000000019ff3000 Exception <a 'java/lang/NoSuchMethodError': <clinit>> (0x00000000d59af460) thrown at [C:\src\AOSP-openjdk-git\hotspot\src\share\vm\prims\jni.cpp, line 1615]

Events (10 events):
Event: 6.327 loading class org/gradle/cache/internal/InMemoryDecoratedCache
Event: 6.327 loading class org/gradle/cache/internal/InMemoryDecoratedCache done
Event: 6.328 loading class org/gradle/cache/internal/InMemoryCacheController
Event: 6.328 loading class org/gradle/cache/internal/InMemoryCacheController done
Event: 6.329 loading class org/gradle/cache/internal/CrossProcessSynchronizingCache
Event: 6.329 loading class org/gradle/cache/internal/CrossProcessSynchronizingCache done
Event: 6.330 loading class org/gradle/internal/Factories
Event: 6.330 loading class org/gradle/internal/Factories done
Event: 6.330 loading class org/gradle/internal/Factories$1
Event: 6.330 loading class org/gradle/internal/Factories$1 done


Dynamic libraries:
0x00007ff7ec3e0000 - 0x00007ff7ec411000 	D:\Android\Android Studio\jre\bin\java.exe
0x00007ffc5e4c0000 - 0x00007ffc5e6b0000 	C:\WINDOWS\SYSTEM32\ntdll.dll
0x00007ffc5d840000 - 0x00007ffc5d8f2000 	C:\WINDOWS\System32\KERNEL32.DLL
0x00007ffc5b5a0000 - 0x00007ffc5b845000 	C:\WINDOWS\System32\KERNELBASE.dll
0x00007ffc5e3d0000 - 0x00007ffc5e473000 	C:\WINDOWS\System32\ADVAPI32.dll
0x00007ffc5cb10000 - 0x00007ffc5cbae000 	C:\WINDOWS\System32\msvcrt.dll
0x00007ffc5d380000 - 0x00007ffc5d417000 	C:\WINDOWS\System32\sechost.dll
0x00007ffc5c9f0000 - 0x00007ffc5cb0f000 	C:\WINDOWS\System32\RPCRT4.dll
0x00007ffc5d4d0000 - 0x00007ffc5d664000 	C:\WINDOWS\System32\USER32.dll
0x00007ffc5c540000 - 0x00007ffc5c561000 	C:\WINDOWS\System32\win32u.dll
0x00007ffc5e190000 - 0x00007ffc5e1b6000 	C:\WINDOWS\System32\GDI32.dll
0x00007ffc5b850000 - 0x00007ffc5b9e8000 	C:\WINDOWS\System32\gdi32full.dll
0x00007ffc5c4a0000 - 0x00007ffc5c53e000 	C:\WINDOWS\System32\msvcp_win.dll
0x00007ffc5b440000 - 0x00007ffc5b53a000 	C:\WINDOWS\System32\ucrtbase.dll
0x00007ffc4b1f0000 - 0x00007ffc4b474000 	C:\WINDOWS\WinSxS\amd64_microsoft.windows.common-controls_6595b64144ccf1df_6.0.18362.1379_none_9e7ff3b3e45cc0c4\COMCTL32.dll
0x00007ffc5c570000 - 0x00007ffc5c8a7000 	C:\WINDOWS\System32\combase.dll
0x00007ffc5c390000 - 0x00007ffc5c411000 	C:\WINDOWS\System32\bcryptPrimitives.dll
0x00007ffc5d970000 - 0x00007ffc5d99e000 	C:\WINDOWS\System32\IMM32.DLL
0x00000000599f0000 - 0x0000000059ac2000 	D:\Android\Android Studio\jre\jre\bin\msvcr100.dll
0x000000005a460000 - 0x000000005acab000 	D:\Android\Android Studio\jre\jre\bin\server\jvm.dll
0x00007ffc5da00000 - 0x00007ffc5da08000 	C:\WINDOWS\System32\PSAPI.DLL
0x00007ffc56bc0000 - 0x00007ffc56bca000 	C:\WINDOWS\SYSTEM32\VERSION.dll
0x00007ffc51be0000 - 0x00007ffc51c04000 	C:\WINDOWS\SYSTEM32\WINMM.dll
0x00007ffc4fa40000 - 0x00007ffc4fa49000 	C:\WINDOWS\SYSTEM32\WSOCK32.dll
0x00007ffc5d900000 - 0x00007ffc5d96f000 	C:\WINDOWS\System32\WS2_32.dll
0x00007ffc51bb0000 - 0x00007ffc51bdd000 	C:\WINDOWS\SYSTEM32\WINMMBASE.dll
0x00007ffc5c450000 - 0x00007ffc5c49a000 	C:\WINDOWS\System32\cfgmgr32.dll
0x00007ffc567c0000 - 0x00007ffc567cf000 	D:\Android\Android Studio\jre\jre\bin\verify.dll
0x00007ffc53570000 - 0x00007ffc53599000 	D:\Android\Android Studio\jre\jre\bin\java.dll
0x00007ffc567a0000 - 0x00007ffc567b6000 	D:\Android\Android Studio\jre\jre\bin\zip.dll
0x00007ffc5da20000 - 0x00007ffc5e108000 	C:\WINDOWS\System32\SHELL32.dll
0x00007ffc5d420000 - 0x00007ffc5d4c7000 	C:\WINDOWS\System32\shcore.dll
0x00007ffc5bb40000 - 0x00007ffc5c2bb000 	C:\WINDOWS\System32\windows.storage.dll
0x00007ffc5b3c0000 - 0x00007ffc5b3e3000 	C:\WINDOWS\System32\profapi.dll
0x00007ffc5b3f0000 - 0x00007ffc5b43a000 	C:\WINDOWS\System32\powrprof.dll
0x00007ffc5b370000 - 0x00007ffc5b380000 	C:\WINDOWS\System32\UMPDC.dll
0x00007ffc5e370000 - 0x00007ffc5e3c2000 	C:\WINDOWS\System32\shlwapi.dll
0x00007ffc5b380000 - 0x00007ffc5b391000 	C:\WINDOWS\System32\kernel.appcore.dll
0x00007ffc5c2c0000 - 0x00007ffc5c2d7000 	C:\WINDOWS\System32\cryptsp.dll
0x00007ffc56650000 - 0x00007ffc5666a000 	D:\Android\Android Studio\jre\jre\bin\net.dll
0x00007ffc5abb0000 - 0x00007ffc5ac17000 	C:\WINDOWS\system32\mswsock.dll
0x00007ffc53490000 - 0x00007ffc534a3000 	D:\Android\Android Studio\jre\jre\bin\nio.dll
0x00007ffc56690000 - 0x00007ffc566b7000 	C:\Users\ASUS\.gradle\native\f6784746aeab05261644944871eae4fe03e0ef1612fff0a4a95f87b438bc6780\windows-amd64\native-platform.dll
0x00007ffc56740000 - 0x00007ffc5674d000 	D:\Android\Android Studio\jre\jre\bin\management.dll
0x00007ffc5a730000 - 0x00007ffc5a763000 	C:\WINDOWS\system32\rsaenh.dll
0x00007ffc5c420000 - 0x00007ffc5c446000 	C:\WINDOWS\System32\bcrypt.dll
0x00007ffc5b290000 - 0x00007ffc5b2b5000 	C:\WINDOWS\SYSTEM32\USERENV.dll
0x00007ffc5ad80000 - 0x00007ffc5ad8c000 	C:\WINDOWS\SYSTEM32\CRYPTBASE.dll
0x00007ffc5a8c0000 - 0x00007ffc5a8fa000 	C:\WINDOWS\SYSTEM32\IPHLPAPI.DLL
0x00007ffc5da10000 - 0x00007ffc5da18000 	C:\WINDOWS\System32\NSI.dll
0x00007ffc54c00000 - 0x00007ffc54c16000 	C:\WINDOWS\SYSTEM32\dhcpcsvc6.DLL
0x00007ffc54ae0000 - 0x00007ffc54afc000 	C:\WINDOWS\SYSTEM32\dhcpcsvc.DLL
0x00007ffc5a900000 - 0x00007ffc5a9cb000 	C:\WINDOWS\SYSTEM32\DNSAPI.dll
0x00007ffc56230000 - 0x00007ffc5623b000 	C:\WINDOWS\SYSTEM32\WINNSI.DLL

VM Arguments:
jvm_args: -Xmx2048m -Dfile.encoding=UTF-8 -Duser.country=CN -Duser.language=zh -Duser.variant 
java_command: org.gradle.launcher.daemon.bootstrap.GradleDaemon 6.5
java_class_path (initial): C:\Users\ASUS\.gradle\wrapper\dists\gradle-6.5-all\2oz4ud9k3tuxjg84bbf55q0tn\gradle-6.5\lib\gradle-launcher-6.5.jar
Launcher Type: SUN_STANDARD

Environment Variables:
JAVA_HOME=D:\java\JAVA\jdk
CLASSPATH=.;D:\java\JAVA\jdk\lib;D:\java\JAVA\jdk\lib\tool.jar;D:\LINGO12\Lingo12.jar
USERNAME=SanKinW
OS=Windows_NT
PROCESSOR_IDENTIFIER=Intel64 Family 6 Model 142 Stepping 9, GenuineIntel



---------------  S Y S T E M  ---------------

OS: Windows 10.0 , 64 bit Build 18362 (10.0.18362.1350)

CPU:total 4 (initial active 4) (2 cores per cpu, 2 threads per core) family 6 model 142 stepping 9, cmov, cx8, fxsr, mmx, sse, sse2, sse3, ssse3, sse4.1, sse4.2, popcnt, avx, avx2, aes, clmul, erms, 3dnowpref, lzcnt, ht, tsc, tscinvbit, bmi1, bmi2, adx

Memory: 4k page, physical 4074520k(216968k free), swap 16657432k(1428k free)

vm_info: OpenJDK 64-Bit Server VM (25.242-b01) for windows-amd64 JRE (1.8.0_242-release-1644-b01), built by "builder" with MS VC++ 10.0 (VS2010)

time: Thu Feb 25 18:09:32 2021
timezone: 中国标准时间
elapsed time: 6 seconds (0d 0h 0m 6s)

